<?xml version="1.0" encoding="UTF-8"?>
<!-- Generated by org.testng.reporters.JUnitXMLReporter -->
<testsuite ignored="0" hostname="LAPTOP-FO3B0EN3" failures="1" tests="1" name="Test" time="8.19" errors="0" timestamp="2022-11-09T21:02:22 IST">
  <testcase classname="TestNG.ListenerTest" name="app" time="7.332">
    <failure type="java.lang.AssertionError" message="expected [true] but found [false]">
      <![CDATA[java.lang.AssertionError: expected [true] but found [false]
at TestNG.ListenerTest.app(ListenerTest.java:13)
at java.base/java.util.ArrayList.forEach(ArrayList.java:1511)
... Removed 31 stack frames]]>
    </failure>
  </testcase> <!-- app -->
</testsuite> <!-- Test -->
