<?xml version="1.0" encoding="UTF-8"?>
<!-- Generated by org.testng.reporters.JUnitXMLReporter -->
<testsuite ignored="2" hostname="LAPTOP-FO3B0EN3" failures="0" tests="2" name="GRP-bvt" time="12.846" errors="0" timestamp="2022-11-09T10:25:26 IST">
  <testcase classname="TestNG.Groups" name="setup" time="12.527"/>
  <testcase classname="TestNG.Groups" name="testdropdown" time="0.257"/>
  <testcase classname="TestNG.Groups" name="end" time="0.0">
    <ignored/>
  </testcase> <!-- end -->
  <testcase classname="TestNG.Groups" name="testTitle" time="0.0">
    <ignored/>
  </testcase> <!-- testTitle -->
</testsuite> <!-- GRP-bvt -->
